<?xml version="1.0" encoding="UTF-8"?>
<testng-results ignored="0" total="1" passed="1" failed="0" skipped="0">
  <reporter-output>
  </reporter-output>
  <suite started-at="2025-03-27T02:08:55 EET" name="Default Suite" finished-at="2025-03-27T02:09:02 EET" duration-ms="7139">
    <groups>
    </groups>
    <test started-at="2025-03-27T02:08:55 EET" name="SwahLab" finished-at="2025-03-27T02:09:02 EET" duration-ms="7139">
      <class name="tests.T01_LoginTest">
        <test-method is-config="true" signature="startDriver(java.lang.String)[pri:0, instance:tests.T01_LoginTest@29182679]" started-at="2025-03-27T02:08:55 EET" name="startDriver" finished-at="2025-03-27T02:08:58 EET" duration-ms="3105" status="PASS">
          <params>
            <param index="0">
              <value>
                <![CDATA[chrome]]>
              </value>
            </param>
          </params>
          <reporter-output>
          </reporter-output>
        </test-method> <!-- startDriver -->
        <test-method signature="loginUsingValidData()[pri:0, instance:tests.T01_LoginTest@29182679]" started-at="2025-03-27T02:08:58 EET" name="loginUsingValidData" finished-at="2025-03-27T02:09:02 EET" duration-ms="3437" status="PASS">
          <reporter-output>
          </reporter-output>
        </test-method> <!-- loginUsingValidData -->
        <test-method is-config="true" signature="takeScreenShotWhenFail(org.testng.ITestResult)[pri:0, instance:tests.T01_LoginTest@29182679]" started-at="2025-03-27T02:09:02 EET" name="takeScreenShotWhenFail" finished-at="2025-03-27T02:09:02 EET" duration-ms="3" status="PASS">
          <params>
            <param index="0">
              <value>
                <![CDATA[[TestResult name=loginUsingValidData status=SUCCESS method=T01_LoginTest.loginUsingValidData()[pri:0, instance:tests.T01_LoginTest@29182679] output={null}]]]>
              </value>
            </param>
          </params>
          <reporter-output>
          </reporter-output>
        </test-method> <!-- takeScreenShotWhenFail -->
        <test-method is-config="true" signature="stopDriver()[pri:0, instance:tests.T01_LoginTest@29182679]" started-at="2025-03-27T02:09:02 EET" name="stopDriver" finished-at="2025-03-27T02:09:02 EET" duration-ms="302" status="PASS">
          <reporter-output>
          </reporter-output>
        </test-method> <!-- stopDriver -->
      </class> <!-- tests.T01_LoginTest -->
    </test> <!-- SwahLab -->
  </suite> <!-- Default Suite -->
</testng-results>
